
  \{^_^}/ hi!

  Loading server.json
  Done

  Resources
  http://0.0.0.0:3003/store

  Home
  http://0.0.0.0:3003

  Type s + enter at any time to create a snapshot of the database
  Watching...

[0mGET /store [36m304[0m 26.392 ms - -[0m
[0mGET /store [36m304[0m 27.574 ms - -[0m
[0mGET /store [36m304[0m 18.028 ms - -[0m
[0mGET /store [36m304[0m 19.955 ms - -[0m
[0mGET /store [36m304[0m 28.925 ms - -[0m
[0mGET /store [36m304[0m 28.241 ms - -[0m
[0mGET /store [36m304[0m 25.441 ms - -[0m
[0mGET /store [36m304[0m 19.658 ms - -[0m
[0mGET /store [36m304[0m 34.331 ms - -[0m
[0mGET /store [36m304[0m 25.586 ms - -[0m
[0mGET /store [36m304[0m 18.905 ms - -[0m
[0mGET /store [36m304[0m 29.958 ms - -[0m
[0mGET /store [36m304[0m 18.205 ms - -[0m
[0mGET /store [36m304[0m 23.332 ms - -[0m
[0mGET /store [36m304[0m 26.058 ms - -[0m
[0mGET /store [36m304[0m 29.228 ms - -[0m
[0mGET /store [36m304[0m 26.281 ms - -[0m
[0mGET /store [36m304[0m 30.404 ms - -[0m
[0mGET /store [36m304[0m 18.443 ms - -[0m
